2025/08/11 16:43:00[TERRAFORM_CONSOLE] [INFO] Getting providers from registry and/or custom terraform providers
2025/08/11 16:43:01[TERRAFORM_CONSOLE] [INFO] 
2025/08/11 16:43:01[TERRAFORM_CONSOLE] [INFO] Initializing provider plugins...
2025/08/11 16:43:01[TERRAFORM_CONSOLE] [INFO] - Finding latest version of hashicorp/oci...
2025/08/11 16:43:01[TERRAFORM_CONSOLE] [INFO] - Installing hashicorp/oci v7.13.0...
2025/08/11 16:43:03[TERRAFORM_CONSOLE] [INFO] - Installed hashicorp/oci v7.13.0 (unauthenticated)
2025/08/11 16:43:03[TERRAFORM_CONSOLE] [INFO] 
2025/08/11 16:43:03[TERRAFORM_CONSOLE] [INFO] Terraform has created a lock file .terraform.lock.hcl to record the provider
2025/08/11 16:43:03[TERRAFORM_CONSOLE] [INFO] selections it made above. Include this file in your version control repository
2025/08/11 16:43:03[TERRAFORM_CONSOLE] [INFO] so that Terraform can guarantee to make the same selections by default when
2025/08/11 16:43:03[TERRAFORM_CONSOLE] [INFO] you run "terraform init" in the future.
2025/08/11 16:43:03[TERRAFORM_CONSOLE] [INFO] 
2025/08/11 16:43:03[TERRAFORM_CONSOLE] [INFO] 
2025/08/11 16:43:03[TERRAFORM_CONSOLE] [INFO] Warning: Incomplete lock file information for providers
2025/08/11 16:43:03[TERRAFORM_CONSOLE] [INFO] 
2025/08/11 16:43:03[TERRAFORM_CONSOLE] [INFO] Due to your customized provider installation methods, Terraform was forced to
2025/08/11 16:43:03[TERRAFORM_CONSOLE] [INFO] calculate lock file checksums locally for the following providers:
2025/08/11 16:43:03[TERRAFORM_CONSOLE] [INFO]   - hashicorp/oci
2025/08/11 16:43:03[TERRAFORM_CONSOLE] [INFO] 
2025/08/11 16:43:03[TERRAFORM_CONSOLE] [INFO] The current .terraform.lock.hcl file only includes checksums for linux_arm64,
2025/08/11 16:43:03[TERRAFORM_CONSOLE] [INFO] so Terraform running on another platform will fail to install these
2025/08/11 16:43:03[TERRAFORM_CONSOLE] [INFO] providers.
2025/08/11 16:43:03[TERRAFORM_CONSOLE] [INFO] 
2025/08/11 16:43:03[TERRAFORM_CONSOLE] [INFO] To calculate additional checksums for another platform, run:
2025/08/11 16:43:03[TERRAFORM_CONSOLE] [INFO]   terraform providers lock -platform=linux_amd64
2025/08/11 16:43:03[TERRAFORM_CONSOLE] [INFO] (where linux_amd64 is the platform to generate)
2025/08/11 16:43:03[TERRAFORM_CONSOLE] [INFO] 
2025/08/11 16:43:03[TERRAFORM_CONSOLE] [INFO] Terraform has been successfully initialized!
2025/08/11 16:43:03[TERRAFORM_CONSOLE] [INFO] 
2025/08/11 16:43:03[TERRAFORM_CONSOLE] [INFO] You may now begin working with Terraform. Try running "terraform plan" to see
2025/08/11 16:43:03[TERRAFORM_CONSOLE] [INFO] any changes that are required for your infrastructure. All Terraform commands
2025/08/11 16:43:03[TERRAFORM_CONSOLE] [INFO] should now work.
2025/08/11 16:43:03[TERRAFORM_CONSOLE] [INFO] 
2025/08/11 16:43:03[TERRAFORM_CONSOLE] [INFO] If you ever set or change modules or backend configuration for Terraform,
2025/08/11 16:43:03[TERRAFORM_CONSOLE] [INFO] rerun this command to reinitialize your working directory. If you forget, other
2025/08/11 16:43:03[TERRAFORM_CONSOLE] [INFO] commands will detect it and remind you to do so if necessary.
2025/08/11 16:43:07[TERRAFORM_CONSOLE] [INFO] 
2025/08/11 16:43:07[TERRAFORM_CONSOLE] [INFO] Terraform used the selected providers to generate the following execution
2025/08/11 16:43:07[TERRAFORM_CONSOLE] [INFO] plan. Resource actions are indicated with the following symbols:
2025/08/11 16:43:07[TERRAFORM_CONSOLE] [INFO]   + create
2025/08/11 16:43:07[TERRAFORM_CONSOLE] [INFO] 
2025/08/11 16:43:07[TERRAFORM_CONSOLE] [INFO] Terraform will perform the following actions:
2025/08/11 16:43:07[TERRAFORM_CONSOLE] [INFO] 
2025/08/11 16:43:07[TERRAFORM_CONSOLE] [INFO]   # oci_core_instance.generated_oci_core_instance will be created
2025/08/11 16:43:07[TERRAFORM_CONSOLE] [INFO]   + resource "oci_core_instance" "generated_oci_core_instance" {
2025/08/11 16:43:07[TERRAFORM_CONSOLE] [INFO]       + availability_domain                 = "yzjp:SA-SAOPAULO-1-AD-1"
2025/08/11 16:43:07[TERRAFORM_CONSOLE] [INFO]       + boot_volume_id                      = (known after apply)
2025/08/11 16:43:07[TERRAFORM_CONSOLE] [INFO]       + capacity_reservation_id             = (known after apply)
2025/08/11 16:43:07[TERRAFORM_CONSOLE] [INFO]       + compartment_id                      = "ocid1.tenancy.oc1..aaaaaaaaw3ukzuz5wbudiuol2hrt4u5ohl3vwzngp3zybnblccb6pk43lowq"
2025/08/11 16:43:07[TERRAFORM_CONSOLE] [INFO]       + compute_cluster_id                  = (known after apply)
2025/08/11 16:43:07[TERRAFORM_CONSOLE] [INFO]       + dedicated_vm_host_id                = (known after apply)
2025/08/11 16:43:07[TERRAFORM_CONSOLE] [INFO]       + defined_tags                        = (known after apply)
2025/08/11 16:43:07[TERRAFORM_CONSOLE] [INFO]       + display_name                        = "instance-Servidor-ARK"
2025/08/11 16:43:07[TERRAFORM_CONSOLE] [INFO]       + extended_metadata                   = (known after apply)
2025/08/11 16:43:07[TERRAFORM_CONSOLE] [INFO]       + fault_domain                        = (known after apply)
2025/08/11 16:43:07[TERRAFORM_CONSOLE] [INFO]       + freeform_tags                       = (known after apply)
2025/08/11 16:43:07[TERRAFORM_CONSOLE] [INFO]       + hostname_label                      = (known after apply)
2025/08/11 16:43:07[TERRAFORM_CONSOLE] [INFO]       + id                                  = (known after apply)
2025/08/11 16:43:07[TERRAFORM_CONSOLE] [INFO]       + image                               = (known after apply)
2025/08/11 16:43:07[TERRAFORM_CONSOLE] [INFO]       + instance_configuration_id           = (known after apply)
2025/08/11 16:43:07[TERRAFORM_CONSOLE] [INFO]       + ipxe_script                         = (known after apply)
2025/08/11 16:43:07[TERRAFORM_CONSOLE] [INFO]       + is_cross_numa_node                  = (known after apply)
2025/08/11 16:43:07[TERRAFORM_CONSOLE] [INFO]       + is_pv_encryption_in_transit_enabled = true
2025/08/11 16:43:07[TERRAFORM_CONSOLE] [INFO]       + launch_mode                         = (known after apply)
2025/08/11 16:43:07[TERRAFORM_CONSOLE] [INFO]       + metadata                            = {
2025/08/11 16:43:07[TERRAFORM_CONSOLE] [INFO]           + "ssh_authorized_keys" = "ssh-rsa AAAAB3NzaC1yc2EAAAADAQABAAABAQDkFy8FjJi9HUHqZok+lbZIY+GH/xrsjSvR0v7JeHZdLczezaO+w97Y4tIFejo/STsaR3VxPWzGVH2P3Rfrj7wyEEpe0WOrF8k2ITT4Il6Otq48rax2F4+dIPUdy3kZNiw43+hZ8putLyeCRRaKvxDAcJvtQJHlSRBdiSgKqQ62p0Kepfp3QjQwjGyG1X4+jv6FjKEIQ+Fw1ZMzyaVVjZn8BWJnR/eQWu9NwUMe53Bb4EtIWlZW9ach8jYi1aEzZo81YxdV9pq43oZdVe26u+jB9voQC03biKDrh0JayGioJwH85bBtln+EPlCRsLuxrbCgclcNC8ETvIM1PScTkA+f ssh-key-2025-08-11"
2025/08/11 16:43:07[TERRAFORM_CONSOLE] [INFO]         }
2025/08/11 16:43:07[TERRAFORM_CONSOLE] [INFO]       + private_ip                          = (known after apply)
2025/08/11 16:43:07[TERRAFORM_CONSOLE] [INFO]       + public_ip                           = (known after apply)
2025/08/11 16:43:07[TERRAFORM_CONSOLE] [INFO]       + region                              = (known after apply)
2025/08/11 16:43:07[TERRAFORM_CONSOLE] [INFO]       + security_attributes                 = (known after apply)
2025/08/11 16:43:07[TERRAFORM_CONSOLE] [INFO]       + security_attributes_state           = (known after apply)
2025/08/11 16:43:07[TERRAFORM_CONSOLE] [INFO]       + shape                               = "VM.Standard.A1.Flex"
2025/08/11 16:43:07[TERRAFORM_CONSOLE] [INFO]       + state                               = (known after apply)
2025/08/11 16:43:07[TERRAFORM_CONSOLE] [INFO]       + subnet_id                           = (known after apply)
2025/08/11 16:43:07[TERRAFORM_CONSOLE] [INFO]       + system_tags                         = (known after apply)
2025/08/11 16:43:07[TERRAFORM_CONSOLE] [INFO]       + time_created                        = (known after apply)
2025/08/11 16:43:07[TERRAFORM_CONSOLE] [INFO]       + time_maintenance_reboot_due         = (known after apply)
2025/08/11 16:43:07[TERRAFORM_CONSOLE] [INFO] 
2025/08/11 16:43:07[TERRAFORM_CONSOLE] [INFO]       + agent_config {
2025/08/11 16:43:07[TERRAFORM_CONSOLE] [INFO]           + are_all_plugins_disabled = (known after apply)
2025/08/11 16:43:07[TERRAFORM_CONSOLE] [INFO]           + is_management_disabled   = false
2025/08/11 16:43:07[TERRAFORM_CONSOLE] [INFO]           + is_monitoring_disabled   = false
2025/08/11 16:43:07[TERRAFORM_CONSOLE] [INFO] 
2025/08/11 16:43:07[TERRAFORM_CONSOLE] [INFO]           + plugins_config {
2025/08/11 16:43:07[TERRAFORM_CONSOLE] [INFO]               + desired_state = "DISABLED"
2025/08/11 16:43:07[TERRAFORM_CONSOLE] [INFO]               + name          = "WebLogic Management Service"
2025/08/11 16:43:07[TERRAFORM_CONSOLE] [INFO]             }
2025/08/11 16:43:07[TERRAFORM_CONSOLE] [INFO]           + plugins_config {
2025/08/11 16:43:07[TERRAFORM_CONSOLE] [INFO]               + desired_state = "DISABLED"
2025/08/11 16:43:07[TERRAFORM_CONSOLE] [INFO]               + name          = "Vulnerability Scanning"
2025/08/11 16:43:07[TERRAFORM_CONSOLE] [INFO]             }
2025/08/11 16:43:07[TERRAFORM_CONSOLE] [INFO]           + plugins_config {
2025/08/11 16:43:07[TERRAFORM_CONSOLE] [INFO]               + desired_state = "DISABLED"
2025/08/11 16:43:07[TERRAFORM_CONSOLE] [INFO]               + name          = "Oracle Java Management Service"
2025/08/11 16:43:07[TERRAFORM_CONSOLE] [INFO]             }
2025/08/11 16:43:07[TERRAFORM_CONSOLE] [INFO]           + plugins_config {
2025/08/11 16:43:07[TERRAFORM_CONSOLE] [INFO]               + desired_state = "DISABLED"
2025/08/11 16:43:07[TERRAFORM_CONSOLE] [INFO]               + name          = "OS Management Hub Agent"
2025/08/11 16:43:07[TERRAFORM_CONSOLE] [INFO]             }
2025/08/11 16:43:07[TERRAFORM_CONSOLE] [INFO]           + plugins_config {
2025/08/11 16:43:07[TERRAFORM_CONSOLE] [INFO]               + desired_state = "DISABLED"
2025/08/11 16:43:07[TERRAFORM_CONSOLE] [INFO]               + name          = "Management Agent"
2025/08/11 16:43:07[TERRAFORM_CONSOLE] [INFO]             }
2025/08/11 16:43:07[TERRAFORM_CONSOLE] [INFO]           + plugins_config {
2025/08/11 16:43:07[TERRAFORM_CONSOLE] [INFO]               + desired_state = "DISABLED"
2025/08/11 16:43:07[TERRAFORM_CONSOLE] [INFO]               + name          = "Fleet Application Management Service"
2025/08/11 16:43:07[TERRAFORM_CONSOLE] [INFO]             }
2025/08/11 16:43:07[TERRAFORM_CONSOLE] [INFO]           + plugins_config {
2025/08/11 16:43:07[TERRAFORM_CONSOLE] [INFO]               + desired_state = "ENABLED"
2025/08/11 16:43:07[TERRAFORM_CONSOLE] [INFO]               + name          = "Custom Logs Monitoring"
2025/08/11 16:43:07[TERRAFORM_CONSOLE] [INFO]             }
2025/08/11 16:43:07[TERRAFORM_CONSOLE] [INFO]           + plugins_config {
2025/08/11 16:43:07[TERRAFORM_CONSOLE] [INFO]               + desired_state = "DISABLED"
2025/08/11 16:43:07[TERRAFORM_CONSOLE] [INFO]               + name          = "Compute RDMA GPU Monitoring"
2025/08/11 16:43:07[TERRAFORM_CONSOLE] [INFO]             }
2025/08/11 16:43:07[TERRAFORM_CONSOLE] [INFO]           + plugins_config {
2025/08/11 16:43:07[TERRAFORM_CONSOLE] [INFO]               + desired_state = "ENABLED"
2025/08/11 16:43:07[TERRAFORM_CONSOLE] [INFO]               + name          = "Compute Instance Run Command"
2025/08/11 16:43:07[TERRAFORM_CONSOLE] [INFO]             }
2025/08/11 16:43:07[TERRAFORM_CONSOLE] [INFO]           + plugins_config {
2025/08/11 16:43:07[TERRAFORM_CONSOLE] [INFO]               + desired_state = "ENABLED"
2025/08/11 16:43:07[TERRAFORM_CONSOLE] [INFO]               + name          = "Compute Instance Monitoring"
2025/08/11 16:43:07[TERRAFORM_CONSOLE] [INFO]             }
2025/08/11 16:43:07[TERRAFORM_CONSOLE] [INFO]           + plugins_config {
2025/08/11 16:43:07[TERRAFORM_CONSOLE] [INFO]               + desired_state = "DISABLED"
2025/08/11 16:43:07[TERRAFORM_CONSOLE] [INFO]               + name          = "Compute HPC RDMA Auto-Configuration"
2025/08/11 16:43:07[TERRAFORM_CONSOLE] [INFO]             }
2025/08/11 16:43:07[TERRAFORM_CONSOLE] [INFO]           + plugins_config {
2025/08/11 16:43:07[TERRAFORM_CONSOLE] [INFO]               + desired_state = "DISABLED"
2025/08/11 16:43:07[TERRAFORM_CONSOLE] [INFO]               + name          = "Compute HPC RDMA Authentication"
2025/08/11 16:43:07[TERRAFORM_CONSOLE] [INFO]             }
2025/08/11 16:43:07[TERRAFORM_CONSOLE] [INFO]           + plugins_config {
2025/08/11 16:43:07[TERRAFORM_CONSOLE] [INFO]               + desired_state = "ENABLED"
2025/08/11 16:43:07[TERRAFORM_CONSOLE] [INFO]               + name          = "Cloud Guard Workload Protection"
2025/08/11 16:43:07[TERRAFORM_CONSOLE] [INFO]             }
2025/08/11 16:43:07[TERRAFORM_CONSOLE] [INFO]           + plugins_config {
2025/08/11 16:43:07[TERRAFORM_CONSOLE] [INFO]               + desired_state = "DISABLED"
2025/08/11 16:43:07[TERRAFORM_CONSOLE] [INFO]               + name          = "Block Volume Management"
2025/08/11 16:43:07[TERRAFORM_CONSOLE] [INFO]             }
2025/08/11 16:43:07[TERRAFORM_CONSOLE] [INFO]           + plugins_config {
2025/08/11 16:43:07[TERRAFORM_CONSOLE] [INFO]               + desired_state = "DISABLED"
2025/08/11 16:43:07[TERRAFORM_CONSOLE] [INFO]               + name          = "Bastion"
2025/08/11 16:43:07[TERRAFORM_CONSOLE] [INFO]             }
2025/08/11 16:43:07[TERRAFORM_CONSOLE] [INFO]         }
2025/08/11 16:43:07[TERRAFORM_CONSOLE] [INFO] 
2025/08/11 16:43:07[TERRAFORM_CONSOLE] [INFO]       + availability_config {
2025/08/11 16:43:07[TERRAFORM_CONSOLE] [INFO]           + is_live_migration_preferred = (known after apply)
2025/08/11 16:43:07[TERRAFORM_CONSOLE] [INFO]           + recovery_action             = "RESTORE_INSTANCE"
2025/08/11 16:43:07[TERRAFORM_CONSOLE] [INFO]         }
2025/08/11 16:43:07[TERRAFORM_CONSOLE] [INFO] 
2025/08/11 16:43:07[TERRAFORM_CONSOLE] [INFO]       + create_vnic_details {
2025/08/11 16:43:07[TERRAFORM_CONSOLE] [INFO]           + assign_ipv6ip             = false
2025/08/11 16:43:07[TERRAFORM_CONSOLE] [INFO]           + assign_private_dns_record = true
2025/08/11 16:43:07[TERRAFORM_CONSOLE] [INFO]           + assign_public_ip          = "true"
2025/08/11 16:43:07[TERRAFORM_CONSOLE] [INFO]           + defined_tags              = (known after apply)
2025/08/11 16:43:07[TERRAFORM_CONSOLE] [INFO]           + display_name              = (known after apply)
2025/08/11 16:43:07[TERRAFORM_CONSOLE] [INFO]           + freeform_tags             = (known after apply)
2025/08/11 16:43:07[TERRAFORM_CONSOLE] [INFO]           + hostname_label            = (known after apply)
2025/08/11 16:43:07[TERRAFORM_CONSOLE] [INFO]           + nsg_ids                   = (known after apply)
2025/08/11 16:43:07[TERRAFORM_CONSOLE] [INFO]           + private_ip                = (known after apply)
2025/08/11 16:43:07[TERRAFORM_CONSOLE] [INFO]           + security_attributes       = (known after apply)
2025/08/11 16:43:07[TERRAFORM_CONSOLE] [INFO]           + skip_source_dest_check    = (known after apply)
2025/08/11 16:43:07[TERRAFORM_CONSOLE] [INFO]           + subnet_id                 = "ocid1.subnet.oc1.sa-saopaulo-1.aaaaaaaayoqc3gqzb6gkmeu76wf5ulm6dkf32dhszihmi6kzupshaojk7xiq"
2025/08/11 16:43:07[TERRAFORM_CONSOLE] [INFO]           + vlan_id                   = (known after apply)
2025/08/11 16:43:07[TERRAFORM_CONSOLE] [INFO]         }
2025/08/11 16:43:07[TERRAFORM_CONSOLE] [INFO] 
2025/08/11 16:43:07[TERRAFORM_CONSOLE] [INFO]       + instance_options {
2025/08/11 16:43:07[TERRAFORM_CONSOLE] [INFO]           + are_legacy_imds_endpoints_disabled = false
2025/08/11 16:43:07[TERRAFORM_CONSOLE] [INFO]         }
2025/08/11 16:43:07[TERRAFORM_CONSOLE] [INFO] 
2025/08/11 16:43:07[TERRAFORM_CONSOLE] [INFO]       + shape_config {
2025/08/11 16:43:07[TERRAFORM_CONSOLE] [INFO]           + baseline_ocpu_utilization     = (known after apply)
2025/08/11 16:43:07[TERRAFORM_CONSOLE] [INFO]           + gpu_description               = (known after apply)
2025/08/11 16:43:07[TERRAFORM_CONSOLE] [INFO]           + gpus                          = (known after apply)
2025/08/11 16:43:07[TERRAFORM_CONSOLE] [INFO]           + local_disk_description        = (known after apply)
2025/08/11 16:43:07[TERRAFORM_CONSOLE] [INFO]           + local_disks                   = (known after apply)
2025/08/11 16:43:07[TERRAFORM_CONSOLE] [INFO]           + local_disks_total_size_in_gbs = (known after apply)
2025/08/11 16:43:07[TERRAFORM_CONSOLE] [INFO]           + max_vnic_attachments          = (known after apply)
2025/08/11 16:43:07[TERRAFORM_CONSOLE] [INFO]           + memory_in_gbs                 = 24
2025/08/11 16:43:07[TERRAFORM_CONSOLE] [INFO]           + networking_bandwidth_in_gbps  = (known after apply)
2025/08/11 16:43:07[TERRAFORM_CONSOLE] [INFO]           + nvmes                         = (known after apply)
2025/08/11 16:43:07[TERRAFORM_CONSOLE] [INFO]           + ocpus                         = 4
2025/08/11 16:43:07[TERRAFORM_CONSOLE] [INFO]           + processor_description         = (known after apply)
2025/08/11 16:43:07[TERRAFORM_CONSOLE] [INFO]           + vcpus                         = (known after apply)
2025/08/11 16:43:07[TERRAFORM_CONSOLE] [INFO]         }
2025/08/11 16:43:07[TERRAFORM_CONSOLE] [INFO] 
2025/08/11 16:43:07[TERRAFORM_CONSOLE] [INFO]       + source_details {
2025/08/11 16:43:07[TERRAFORM_CONSOLE] [INFO]           + boot_volume_size_in_gbs = (known after apply)
2025/08/11 16:43:07[TERRAFORM_CONSOLE] [INFO]           + boot_volume_vpus_per_gb = (known after apply)
2025/08/11 16:43:07[TERRAFORM_CONSOLE] [INFO]           + source_id               = "ocid1.image.oc1.sa-saopaulo-1.aaaaaaaapo3pjdqix3ho7gwdsgtkcs4w6nekiuqnj6udgupsxvkdpc7dno7a"
2025/08/11 16:43:07[TERRAFORM_CONSOLE] [INFO]           + source_type             = "image"
2025/08/11 16:43:07[TERRAFORM_CONSOLE] [INFO]         }
2025/08/11 16:43:07[TERRAFORM_CONSOLE] [INFO]     }
2025/08/11 16:43:07[TERRAFORM_CONSOLE] [INFO] 
2025/08/11 16:43:07[TERRAFORM_CONSOLE] [INFO] Plan: 1 to add, 0 to change, 0 to destroy.
2025/08/11 16:43:08[TERRAFORM_CONSOLE] [INFO] oci_core_instance.generated_oci_core_instance: Creating...
2025/08/11 16:43:09[TERRAFORM_CONSOLE] [INFO] 
2025/08/11 16:43:09[TERRAFORM_CONSOLE] [INFO] Error: 500-InternalError, Out of host capacity.
2025/08/11 16:43:09[TERRAFORM_CONSOLE] [INFO] Suggestion: The service for this resource encountered an error. Please contact support for help with service: Core Instance
2025/08/11 16:43:09[TERRAFORM_CONSOLE] [INFO] Documentation: https://registry.terraform.io/providers/oracle/oci/latest/docs/resources/core_instance 
2025/08/11 16:43:09[TERRAFORM_CONSOLE] [INFO] API Reference: https://docs.oracle.com/iaas/api/#/en/iaas/20160918/Instance/LaunchInstance 
2025/08/11 16:43:09[TERRAFORM_CONSOLE] [INFO] Request Target: POST https://iaas.sa-saopaulo-1.oraclecloud.com/20160918/instances 
2025/08/11 16:43:09[TERRAFORM_CONSOLE] [INFO] Provider version: 7.13.0, released on 2025-08-06.  
2025/08/11 16:43:09[TERRAFORM_CONSOLE] [INFO] Service: Core Instance 
2025/08/11 16:43:09[TERRAFORM_CONSOLE] [INFO] Operation Name: LaunchInstance 
2025/08/11 16:43:09[TERRAFORM_CONSOLE] [INFO] OPC request ID: 10154d5b17b96658f01412c7eb718a84/F0B83C663C8CA943D4F0436E573C07C9/37528608217A0C7489A3B8F1099D4499 
2025/08/11 16:43:09[TERRAFORM_CONSOLE] [INFO] 
2025/08/11 16:43:09[TERRAFORM_CONSOLE] [INFO] 
2025/08/11 16:43:09[TERRAFORM_CONSOLE] [INFO]   with oci_core_instance.generated_oci_core_instance,
2025/08/11 16:43:09[TERRAFORM_CONSOLE] [INFO]   on main.tf line 3, in resource "oci_core_instance" "generated_oci_core_instance":
2025/08/11 16:43:09[TERRAFORM_CONSOLE] [INFO]    3: resource "oci_core_instance" "generated_oci_core_instance" {
2025/08/11 16:43:09[TERRAFORM_CONSOLE] [INFO] 
2025/08/11 16:43:09[TERRAFORM_CONSOLE] [INFO] 